INFO - 2024-05-29 11:25:30 --> Session: Class initialized using 'CodeIgniter\Session\Handlers\FileHandler' driver.
INFO - 2024-05-29 11:25:38 --> Session: Class initialized using 'CodeIgniter\Session\Handlers\FileHandler' driver.
INFO - 2024-05-29 11:25:39 --> Session: Class initialized using 'CodeIgniter\Session\Handlers\FileHandler' driver.
CRITICAL - 2024-05-29 11:25:39 --> CodeIgniter\HTTP\Exceptions\BadRequestException: The URI you submitted has disallowed characters: "all.min.css'"
in SYSTEMPATH\Router\Router.php on line 704.
 1 SYSTEMPATH\Router\Router.php(195): CodeIgniter\Router\Router->checkDisallowedChars('vendor/fontawesome-free/css/all.min.css\'')
 2 SYSTEMPATH\CodeIgniter.php(825): CodeIgniter\Router\Router->handle('vendor/fontawesome-free/css/all.min.css\'')
 3 SYSTEMPATH\CodeIgniter.php(450): CodeIgniter\CodeIgniter->tryToRouteIt(Object(CodeIgniter\Router\RouteCollection))
 4 SYSTEMPATH\CodeIgniter.php(361): CodeIgniter\CodeIgniter->handleRequest(null, Object(Config\Cache), false)
 5 FCPATH\index.php(79): CodeIgniter\CodeIgniter->run()
 6 SYSTEMPATH\Commands\Server\rewrite.php(47): require_once('C:\\xamppx\\htdocs\\appci4download\\public\\index.php')
INFO - 2024-05-29 11:25:45 --> Session: Class initialized using 'CodeIgniter\Session\Handlers\FileHandler' driver.
INFO - 2024-05-29 11:25:46 --> Session: Class initialized using 'CodeIgniter\Session\Handlers\FileHandler' driver.
CRITICAL - 2024-05-29 11:25:46 --> CodeIgniter\HTTP\Exceptions\BadRequestException: The URI you submitted has disallowed characters: "all.min.css'"
in SYSTEMPATH\Router\Router.php on line 704.
 1 SYSTEMPATH\Router\Router.php(195): CodeIgniter\Router\Router->checkDisallowedChars('vendor/fontawesome-free/css/all.min.css\'')
 2 SYSTEMPATH\CodeIgniter.php(825): CodeIgniter\Router\Router->handle('vendor/fontawesome-free/css/all.min.css\'')
 3 SYSTEMPATH\CodeIgniter.php(450): CodeIgniter\CodeIgniter->tryToRouteIt(Object(CodeIgniter\Router\RouteCollection))
 4 SYSTEMPATH\CodeIgniter.php(361): CodeIgniter\CodeIgniter->handleRequest(null, Object(Config\Cache), false)
 5 FCPATH\index.php(79): CodeIgniter\CodeIgniter->run()
 6 SYSTEMPATH\Commands\Server\rewrite.php(47): require_once('C:\\xamppx\\htdocs\\appci4download\\public\\index.php')
INFO - 2024-05-29 11:25:49 --> Session: Class initialized using 'CodeIgniter\Session\Handlers\FileHandler' driver.
CRITICAL - 2024-05-29 11:25:49 --> CodeIgniter\HTTP\Exceptions\BadRequestException: The URI you submitted has disallowed characters: "all.min.css'"
in SYSTEMPATH\Router\Router.php on line 704.
 1 SYSTEMPATH\Router\Router.php(195): CodeIgniter\Router\Router->checkDisallowedChars('vendor/fontawesome-free/css/all.min.css\'')
 2 SYSTEMPATH\CodeIgniter.php(825): CodeIgniter\Router\Router->handle('vendor/fontawesome-free/css/all.min.css\'')
 3 SYSTEMPATH\CodeIgniter.php(450): CodeIgniter\CodeIgniter->tryToRouteIt(Object(CodeIgniter\Router\RouteCollection))
 4 SYSTEMPATH\CodeIgniter.php(361): CodeIgniter\CodeIgniter->handleRequest(null, Object(Config\Cache), false)
 5 FCPATH\index.php(79): CodeIgniter\CodeIgniter->run()
 6 SYSTEMPATH\Commands\Server\rewrite.php(47): require_once('C:\\xamppx\\htdocs\\appci4download\\public\\index.php')
INFO - 2024-05-29 11:25:51 --> Session: Class initialized using 'CodeIgniter\Session\Handlers\FileHandler' driver.
CRITICAL - 2024-05-29 11:25:51 --> CodeIgniter\HTTP\Exceptions\BadRequestException: The URI you submitted has disallowed characters: "all.min.css'"
in SYSTEMPATH\Router\Router.php on line 704.
 1 SYSTEMPATH\Router\Router.php(195): CodeIgniter\Router\Router->checkDisallowedChars('vendor/fontawesome-free/css/all.min.css\'')
 2 SYSTEMPATH\CodeIgniter.php(825): CodeIgniter\Router\Router->handle('vendor/fontawesome-free/css/all.min.css\'')
 3 SYSTEMPATH\CodeIgniter.php(450): CodeIgniter\CodeIgniter->tryToRouteIt(Object(CodeIgniter\Router\RouteCollection))
 4 SYSTEMPATH\CodeIgniter.php(361): CodeIgniter\CodeIgniter->handleRequest(null, Object(Config\Cache), false)
 5 FCPATH\index.php(79): CodeIgniter\CodeIgniter->run()
 6 SYSTEMPATH\Commands\Server\rewrite.php(47): require_once('C:\\xamppx\\htdocs\\appci4download\\public\\index.php')
INFO - 2024-05-29 11:25:53 --> Session: Class initialized using 'CodeIgniter\Session\Handlers\FileHandler' driver.
CRITICAL - 2024-05-29 11:25:53 --> CodeIgniter\HTTP\Exceptions\BadRequestException: The URI you submitted has disallowed characters: "all.min.css'"
in SYSTEMPATH\Router\Router.php on line 704.
 1 SYSTEMPATH\Router\Router.php(195): CodeIgniter\Router\Router->checkDisallowedChars('vendor/fontawesome-free/css/all.min.css\'')
 2 SYSTEMPATH\CodeIgniter.php(825): CodeIgniter\Router\Router->handle('vendor/fontawesome-free/css/all.min.css\'')
 3 SYSTEMPATH\CodeIgniter.php(450): CodeIgniter\CodeIgniter->tryToRouteIt(Object(CodeIgniter\Router\RouteCollection))
 4 SYSTEMPATH\CodeIgniter.php(361): CodeIgniter\CodeIgniter->handleRequest(null, Object(Config\Cache), false)
 5 FCPATH\index.php(79): CodeIgniter\CodeIgniter->run()
 6 SYSTEMPATH\Commands\Server\rewrite.php(47): require_once('C:\\xamppx\\htdocs\\appci4download\\public\\index.php')
INFO - 2024-05-29 11:25:58 --> Session: Class initialized using 'CodeIgniter\Session\Handlers\FileHandler' driver.
CRITICAL - 2024-05-29 11:25:59 --> CodeIgniter\HTTP\Exceptions\BadRequestException: The URI you submitted has disallowed characters: "all.min.css'"
in SYSTEMPATH\Router\Router.php on line 704.
 1 SYSTEMPATH\Router\Router.php(195): CodeIgniter\Router\Router->checkDisallowedChars('vendor/fontawesome-free/css/all.min.css\'')
 2 SYSTEMPATH\CodeIgniter.php(825): CodeIgniter\Router\Router->handle('vendor/fontawesome-free/css/all.min.css\'')
 3 SYSTEMPATH\CodeIgniter.php(450): CodeIgniter\CodeIgniter->tryToRouteIt(Object(CodeIgniter\Router\RouteCollection))
 4 SYSTEMPATH\CodeIgniter.php(361): CodeIgniter\CodeIgniter->handleRequest(null, Object(Config\Cache), false)
 5 FCPATH\index.php(79): CodeIgniter\CodeIgniter->run()
 6 SYSTEMPATH\Commands\Server\rewrite.php(47): require_once('C:\\xamppx\\htdocs\\appci4download\\public\\index.php')
INFO - 2024-05-29 11:26:03 --> Session: Class initialized using 'CodeIgniter\Session\Handlers\FileHandler' driver.
INFO - 2024-05-29 11:26:03 --> Session: Class initialized using 'CodeIgniter\Session\Handlers\FileHandler' driver.
INFO - 2024-05-29 11:26:09 --> Session: Class initialized using 'CodeIgniter\Session\Handlers\FileHandler' driver.
INFO - 2024-05-29 11:26:09 --> Session: Class initialized using 'CodeIgniter\Session\Handlers\FileHandler' driver.
INFO - 2024-05-29 11:32:30 --> Session: Class initialized using 'CodeIgniter\Session\Handlers\FileHandler' driver.
INFO - 2024-05-29 11:32:31 --> Session: Class initialized using 'CodeIgniter\Session\Handlers\FileHandler' driver.
CRITICAL - 2024-05-29 11:32:31 --> CodeIgniter\HTTP\Exceptions\BadRequestException: The URI you submitted has disallowed characters: "all.min.css'"
in SYSTEMPATH\Router\Router.php on line 704.
 1 SYSTEMPATH\Router\Router.php(195): CodeIgniter\Router\Router->checkDisallowedChars('vendor/fontawesome-free/css/all.min.css\'')
 2 SYSTEMPATH\CodeIgniter.php(825): CodeIgniter\Router\Router->handle('vendor/fontawesome-free/css/all.min.css\'')
 3 SYSTEMPATH\CodeIgniter.php(450): CodeIgniter\CodeIgniter->tryToRouteIt(Object(CodeIgniter\Router\RouteCollection))
 4 SYSTEMPATH\CodeIgniter.php(361): CodeIgniter\CodeIgniter->handleRequest(null, Object(Config\Cache), false)
 5 FCPATH\index.php(79): CodeIgniter\CodeIgniter->run()
 6 SYSTEMPATH\Commands\Server\rewrite.php(47): require_once('C:\\xamppx\\htdocs\\appci4download\\public\\index.php')
INFO - 2024-05-29 11:32:35 --> Session: Class initialized using 'CodeIgniter\Session\Handlers\FileHandler' driver.
CRITICAL - 2024-05-29 11:32:35 --> CodeIgniter\HTTP\Exceptions\BadRequestException: The URI you submitted has disallowed characters: "all.min.css'"
in SYSTEMPATH\Router\Router.php on line 704.
 1 SYSTEMPATH\Router\Router.php(195): CodeIgniter\Router\Router->checkDisallowedChars('vendor/fontawesome-free/css/all.min.css\'')
 2 SYSTEMPATH\CodeIgniter.php(825): CodeIgniter\Router\Router->handle('vendor/fontawesome-free/css/all.min.css\'')
 3 SYSTEMPATH\CodeIgniter.php(450): CodeIgniter\CodeIgniter->tryToRouteIt(Object(CodeIgniter\Router\RouteCollection))
 4 SYSTEMPATH\CodeIgniter.php(361): CodeIgniter\CodeIgniter->handleRequest(null, Object(Config\Cache), false)
 5 FCPATH\index.php(79): CodeIgniter\CodeIgniter->run()
 6 SYSTEMPATH\Commands\Server\rewrite.php(47): require_once('C:\\xamppx\\htdocs\\appci4download\\public\\index.php')
INFO - 2024-05-29 11:32:37 --> Session: Class initialized using 'CodeIgniter\Session\Handlers\FileHandler' driver.
CRITICAL - 2024-05-29 11:32:37 --> CodeIgniter\HTTP\Exceptions\BadRequestException: The URI you submitted has disallowed characters: "all.min.css'"
in SYSTEMPATH\Router\Router.php on line 704.
 1 SYSTEMPATH\Router\Router.php(195): CodeIgniter\Router\Router->checkDisallowedChars('vendor/fontawesome-free/css/all.min.css\'')
 2 SYSTEMPATH\CodeIgniter.php(825): CodeIgniter\Router\Router->handle('vendor/fontawesome-free/css/all.min.css\'')
 3 SYSTEMPATH\CodeIgniter.php(450): CodeIgniter\CodeIgniter->tryToRouteIt(Object(CodeIgniter\Router\RouteCollection))
 4 SYSTEMPATH\CodeIgniter.php(361): CodeIgniter\CodeIgniter->handleRequest(null, Object(Config\Cache), false)
 5 FCPATH\index.php(79): CodeIgniter\CodeIgniter->run()
 6 SYSTEMPATH\Commands\Server\rewrite.php(47): require_once('C:\\xamppx\\htdocs\\appci4download\\public\\index.php')
INFO - 2024-05-29 11:32:46 --> Session: Class initialized using 'CodeIgniter\Session\Handlers\FileHandler' driver.
CRITICAL - 2024-05-29 11:32:46 --> CodeIgniter\HTTP\Exceptions\BadRequestException: The URI you submitted has disallowed characters: "all.min.css'"
in SYSTEMPATH\Router\Router.php on line 704.
 1 SYSTEMPATH\Router\Router.php(195): CodeIgniter\Router\Router->checkDisallowedChars('vendor/fontawesome-free/css/all.min.css\'')
 2 SYSTEMPATH\CodeIgniter.php(825): CodeIgniter\Router\Router->handle('vendor/fontawesome-free/css/all.min.css\'')
 3 SYSTEMPATH\CodeIgniter.php(450): CodeIgniter\CodeIgniter->tryToRouteIt(Object(CodeIgniter\Router\RouteCollection))
 4 SYSTEMPATH\CodeIgniter.php(361): CodeIgniter\CodeIgniter->handleRequest(null, Object(Config\Cache), false)
 5 FCPATH\index.php(79): CodeIgniter\CodeIgniter->run()
 6 SYSTEMPATH\Commands\Server\rewrite.php(47): require_once('C:\\xamppx\\htdocs\\appci4download\\public\\index.php')
INFO - 2024-05-29 11:33:08 --> Session: Class initialized using 'CodeIgniter\Session\Handlers\FileHandler' driver.
CRITICAL - 2024-05-29 11:33:08 --> CodeIgniter\HTTP\Exceptions\BadRequestException: The URI you submitted has disallowed characters: "all.min.css'"
in SYSTEMPATH\Router\Router.php on line 704.
 1 SYSTEMPATH\Router\Router.php(195): CodeIgniter\Router\Router->checkDisallowedChars('vendor/fontawesome-free/css/all.min.css\'')
 2 SYSTEMPATH\CodeIgniter.php(825): CodeIgniter\Router\Router->handle('vendor/fontawesome-free/css/all.min.css\'')
 3 SYSTEMPATH\CodeIgniter.php(450): CodeIgniter\CodeIgniter->tryToRouteIt(Object(CodeIgniter\Router\RouteCollection))
 4 SYSTEMPATH\CodeIgniter.php(361): CodeIgniter\CodeIgniter->handleRequest(null, Object(Config\Cache), false)
 5 FCPATH\index.php(79): CodeIgniter\CodeIgniter->run()
 6 SYSTEMPATH\Commands\Server\rewrite.php(47): require_once('C:\\xamppx\\htdocs\\appci4download\\public\\index.php')
INFO - 2024-05-29 11:33:10 --> Session: Class initialized using 'CodeIgniter\Session\Handlers\FileHandler' driver.
CRITICAL - 2024-05-29 11:33:11 --> CodeIgniter\HTTP\Exceptions\BadRequestException: The URI you submitted has disallowed characters: "all.min.css'"
in SYSTEMPATH\Router\Router.php on line 704.
 1 SYSTEMPATH\Router\Router.php(195): CodeIgniter\Router\Router->checkDisallowedChars('vendor/fontawesome-free/css/all.min.css\'')
 2 SYSTEMPATH\CodeIgniter.php(825): CodeIgniter\Router\Router->handle('vendor/fontawesome-free/css/all.min.css\'')
 3 SYSTEMPATH\CodeIgniter.php(450): CodeIgniter\CodeIgniter->tryToRouteIt(Object(CodeIgniter\Router\RouteCollection))
 4 SYSTEMPATH\CodeIgniter.php(361): CodeIgniter\CodeIgniter->handleRequest(null, Object(Config\Cache), false)
 5 FCPATH\index.php(79): CodeIgniter\CodeIgniter->run()
 6 SYSTEMPATH\Commands\Server\rewrite.php(47): require_once('C:\\xamppx\\htdocs\\appci4download\\public\\index.php')
INFO - 2024-05-29 11:34:26 --> Session: Class initialized using 'CodeIgniter\Session\Handlers\FileHandler' driver.
CRITICAL - 2024-05-29 11:34:26 --> CodeIgniter\HTTP\Exceptions\BadRequestException: The URI you submitted has disallowed characters: "all.min.css'"
in SYSTEMPATH\Router\Router.php on line 704.
 1 SYSTEMPATH\Router\Router.php(195): CodeIgniter\Router\Router->checkDisallowedChars('vendor/fontawesome-free/css/all.min.css\'')
 2 SYSTEMPATH\CodeIgniter.php(825): CodeIgniter\Router\Router->handle('vendor/fontawesome-free/css/all.min.css\'')
 3 SYSTEMPATH\CodeIgniter.php(450): CodeIgniter\CodeIgniter->tryToRouteIt(Object(CodeIgniter\Router\RouteCollection))
 4 SYSTEMPATH\CodeIgniter.php(361): CodeIgniter\CodeIgniter->handleRequest(null, Object(Config\Cache), false)
 5 FCPATH\index.php(79): CodeIgniter\CodeIgniter->run()
 6 SYSTEMPATH\Commands\Server\rewrite.php(47): require_once('C:\\xamppx\\htdocs\\appci4download\\public\\index.php')
INFO - 2024-05-29 11:37:11 --> Session: Class initialized using 'CodeIgniter\Session\Handlers\FileHandler' driver.
CRITICAL - 2024-05-29 11:37:11 --> CodeIgniter\HTTP\Exceptions\BadRequestException: The URI you submitted has disallowed characters: "all.min.css'"
in SYSTEMPATH\Router\Router.php on line 704.
 1 SYSTEMPATH\Router\Router.php(195): CodeIgniter\Router\Router->checkDisallowedChars('vendor/fontawesome-free/css/all.min.css\'')
 2 SYSTEMPATH\CodeIgniter.php(825): CodeIgniter\Router\Router->handle('vendor/fontawesome-free/css/all.min.css\'')
 3 SYSTEMPATH\CodeIgniter.php(450): CodeIgniter\CodeIgniter->tryToRouteIt(Object(CodeIgniter\Router\RouteCollection))
 4 SYSTEMPATH\CodeIgniter.php(361): CodeIgniter\CodeIgniter->handleRequest(null, Object(Config\Cache), false)
 5 FCPATH\index.php(79): CodeIgniter\CodeIgniter->run()
 6 SYSTEMPATH\Commands\Server\rewrite.php(47): require_once('C:\\xamppx\\htdocs\\appci4download\\public\\index.php')
INFO - 2024-05-29 11:38:10 --> Session: Class initialized using 'CodeIgniter\Session\Handlers\FileHandler' driver.
CRITICAL - 2024-05-29 11:38:10 --> CodeIgniter\HTTP\Exceptions\BadRequestException: The URI you submitted has disallowed characters: "all.min.css'"
in SYSTEMPATH\Router\Router.php on line 704.
 1 SYSTEMPATH\Router\Router.php(195): CodeIgniter\Router\Router->checkDisallowedChars('vendor/fontawesome-free/css/all.min.css\'')
 2 SYSTEMPATH\CodeIgniter.php(825): CodeIgniter\Router\Router->handle('vendor/fontawesome-free/css/all.min.css\'')
 3 SYSTEMPATH\CodeIgniter.php(450): CodeIgniter\CodeIgniter->tryToRouteIt(Object(CodeIgniter\Router\RouteCollection))
 4 SYSTEMPATH\CodeIgniter.php(361): CodeIgniter\CodeIgniter->handleRequest(null, Object(Config\Cache), false)
 5 FCPATH\index.php(79): CodeIgniter\CodeIgniter->run()
 6 SYSTEMPATH\Commands\Server\rewrite.php(47): require_once('C:\\xamppx\\htdocs\\appci4download\\public\\index.php')
INFO - 2024-05-29 11:38:27 --> Session: Class initialized using 'CodeIgniter\Session\Handlers\FileHandler' driver.
CRITICAL - 2024-05-29 11:38:27 --> CodeIgniter\HTTP\Exceptions\BadRequestException: The URI you submitted has disallowed characters: "all.min.css'"
in SYSTEMPATH\Router\Router.php on line 704.
 1 SYSTEMPATH\Router\Router.php(195): CodeIgniter\Router\Router->checkDisallowedChars('vendor/fontawesome-free/css/all.min.css\'')
 2 SYSTEMPATH\CodeIgniter.php(825): CodeIgniter\Router\Router->handle('vendor/fontawesome-free/css/all.min.css\'')
 3 SYSTEMPATH\CodeIgniter.php(450): CodeIgniter\CodeIgniter->tryToRouteIt(Object(CodeIgniter\Router\RouteCollection))
 4 SYSTEMPATH\CodeIgniter.php(361): CodeIgniter\CodeIgniter->handleRequest(null, Object(Config\Cache), false)
 5 FCPATH\index.php(79): CodeIgniter\CodeIgniter->run()
 6 SYSTEMPATH\Commands\Server\rewrite.php(47): require_once('C:\\xamppx\\htdocs\\appci4download\\public\\index.php')
INFO - 2024-05-29 11:38:29 --> Session: Class initialized using 'CodeIgniter\Session\Handlers\FileHandler' driver.
CRITICAL - 2024-05-29 11:38:29 --> CodeIgniter\HTTP\Exceptions\BadRequestException: The URI you submitted has disallowed characters: "all.min.css'"
in SYSTEMPATH\Router\Router.php on line 704.
 1 SYSTEMPATH\Router\Router.php(195): CodeIgniter\Router\Router->checkDisallowedChars('vendor/fontawesome-free/css/all.min.css\'')
 2 SYSTEMPATH\CodeIgniter.php(825): CodeIgniter\Router\Router->handle('vendor/fontawesome-free/css/all.min.css\'')
 3 SYSTEMPATH\CodeIgniter.php(450): CodeIgniter\CodeIgniter->tryToRouteIt(Object(CodeIgniter\Router\RouteCollection))
 4 SYSTEMPATH\CodeIgniter.php(361): CodeIgniter\CodeIgniter->handleRequest(null, Object(Config\Cache), false)
 5 FCPATH\index.php(79): CodeIgniter\CodeIgniter->run()
 6 SYSTEMPATH\Commands\Server\rewrite.php(47): require_once('C:\\xamppx\\htdocs\\appci4download\\public\\index.php')
INFO - 2024-05-29 11:38:41 --> Session: Class initialized using 'CodeIgniter\Session\Handlers\FileHandler' driver.
CRITICAL - 2024-05-29 11:38:41 --> CodeIgniter\HTTP\Exceptions\BadRequestException: The URI you submitted has disallowed characters: "all.min.css'"
in SYSTEMPATH\Router\Router.php on line 704.
 1 SYSTEMPATH\Router\Router.php(195): CodeIgniter\Router\Router->checkDisallowedChars('vendor/fontawesome-free/css/all.min.css\'')
 2 SYSTEMPATH\CodeIgniter.php(825): CodeIgniter\Router\Router->handle('vendor/fontawesome-free/css/all.min.css\'')
 3 SYSTEMPATH\CodeIgniter.php(450): CodeIgniter\CodeIgniter->tryToRouteIt(Object(CodeIgniter\Router\RouteCollection))
 4 SYSTEMPATH\CodeIgniter.php(361): CodeIgniter\CodeIgniter->handleRequest(null, Object(Config\Cache), false)
 5 FCPATH\index.php(79): CodeIgniter\CodeIgniter->run()
 6 SYSTEMPATH\Commands\Server\rewrite.php(47): require_once('C:\\xamppx\\htdocs\\appci4download\\public\\index.php')
INFO - 2024-05-29 11:38:58 --> Session: Class initialized using 'CodeIgniter\Session\Handlers\FileHandler' driver.
CRITICAL - 2024-05-29 11:38:59 --> CodeIgniter\HTTP\Exceptions\BadRequestException: The URI you submitted has disallowed characters: "all.min.css'"
in SYSTEMPATH\Router\Router.php on line 704.
 1 SYSTEMPATH\Router\Router.php(195): CodeIgniter\Router\Router->checkDisallowedChars('vendor/fontawesome-free/css/all.min.css\'')
 2 SYSTEMPATH\CodeIgniter.php(825): CodeIgniter\Router\Router->handle('vendor/fontawesome-free/css/all.min.css\'')
 3 SYSTEMPATH\CodeIgniter.php(450): CodeIgniter\CodeIgniter->tryToRouteIt(Object(CodeIgniter\Router\RouteCollection))
 4 SYSTEMPATH\CodeIgniter.php(361): CodeIgniter\CodeIgniter->handleRequest(null, Object(Config\Cache), false)
 5 FCPATH\index.php(79): CodeIgniter\CodeIgniter->run()
 6 SYSTEMPATH\Commands\Server\rewrite.php(47): require_once('C:\\xamppx\\htdocs\\appci4download\\public\\index.php')
INFO - 2024-05-29 11:39:37 --> Session: Class initialized using 'CodeIgniter\Session\Handlers\FileHandler' driver.
CRITICAL - 2024-05-29 11:39:37 --> CodeIgniter\HTTP\Exceptions\BadRequestException: The URI you submitted has disallowed characters: "all.min.css'"
in SYSTEMPATH\Router\Router.php on line 704.
 1 SYSTEMPATH\Router\Router.php(195): CodeIgniter\Router\Router->checkDisallowedChars('vendor/fontawesome-free/css/all.min.css\'')
 2 SYSTEMPATH\CodeIgniter.php(825): CodeIgniter\Router\Router->handle('vendor/fontawesome-free/css/all.min.css\'')
 3 SYSTEMPATH\CodeIgniter.php(450): CodeIgniter\CodeIgniter->tryToRouteIt(Object(CodeIgniter\Router\RouteCollection))
 4 SYSTEMPATH\CodeIgniter.php(361): CodeIgniter\CodeIgniter->handleRequest(null, Object(Config\Cache), false)
 5 FCPATH\index.php(79): CodeIgniter\CodeIgniter->run()
 6 SYSTEMPATH\Commands\Server\rewrite.php(47): require_once('C:\\xamppx\\htdocs\\appci4download\\public\\index.php')
INFO - 2024-05-29 11:40:52 --> Session: Class initialized using 'CodeIgniter\Session\Handlers\FileHandler' driver.
CRITICAL - 2024-05-29 11:40:53 --> CodeIgniter\HTTP\Exceptions\BadRequestException: The URI you submitted has disallowed characters: "all.min.css'"
in SYSTEMPATH\Router\Router.php on line 704.
 1 SYSTEMPATH\Router\Router.php(195): CodeIgniter\Router\Router->checkDisallowedChars('vendor/fontawesome-free/css/all.min.css\'')
 2 SYSTEMPATH\CodeIgniter.php(825): CodeIgniter\Router\Router->handle('vendor/fontawesome-free/css/all.min.css\'')
 3 SYSTEMPATH\CodeIgniter.php(450): CodeIgniter\CodeIgniter->tryToRouteIt(Object(CodeIgniter\Router\RouteCollection))
 4 SYSTEMPATH\CodeIgniter.php(361): CodeIgniter\CodeIgniter->handleRequest(null, Object(Config\Cache), false)
 5 FCPATH\index.php(79): CodeIgniter\CodeIgniter->run()
 6 SYSTEMPATH\Commands\Server\rewrite.php(47): require_once('C:\\xamppx\\htdocs\\appci4download\\public\\index.php')
INFO - 2024-05-29 11:41:25 --> Session: Class initialized using 'CodeIgniter\Session\Handlers\FileHandler' driver.
CRITICAL - 2024-05-29 11:41:26 --> CodeIgniter\HTTP\Exceptions\BadRequestException: The URI you submitted has disallowed characters: "all.min.css'"
in SYSTEMPATH\Router\Router.php on line 704.
 1 SYSTEMPATH\Router\Router.php(195): CodeIgniter\Router\Router->checkDisallowedChars('vendor/fontawesome-free/css/all.min.css\'')
 2 SYSTEMPATH\CodeIgniter.php(825): CodeIgniter\Router\Router->handle('vendor/fontawesome-free/css/all.min.css\'')
 3 SYSTEMPATH\CodeIgniter.php(450): CodeIgniter\CodeIgniter->tryToRouteIt(Object(CodeIgniter\Router\RouteCollection))
 4 SYSTEMPATH\CodeIgniter.php(361): CodeIgniter\CodeIgniter->handleRequest(null, Object(Config\Cache), false)
 5 FCPATH\index.php(79): CodeIgniter\CodeIgniter->run()
 6 SYSTEMPATH\Commands\Server\rewrite.php(47): require_once('C:\\xamppx\\htdocs\\appci4download\\public\\index.php')
INFO - 2024-05-29 11:43:59 --> Session: Class initialized using 'CodeIgniter\Session\Handlers\FileHandler' driver.
CRITICAL - 2024-05-29 11:44:01 --> CodeIgniter\HTTP\Exceptions\BadRequestException: The URI you submitted has disallowed characters: "all.min.css'"
in SYSTEMPATH\Router\Router.php on line 704.
 1 SYSTEMPATH\Router\Router.php(195): CodeIgniter\Router\Router->checkDisallowedChars('vendor/fontawesome-free/css/all.min.css\'')
 2 SYSTEMPATH\CodeIgniter.php(825): CodeIgniter\Router\Router->handle('vendor/fontawesome-free/css/all.min.css\'')
 3 SYSTEMPATH\CodeIgniter.php(450): CodeIgniter\CodeIgniter->tryToRouteIt(Object(CodeIgniter\Router\RouteCollection))
 4 SYSTEMPATH\CodeIgniter.php(361): CodeIgniter\CodeIgniter->handleRequest(null, Object(Config\Cache), false)
 5 FCPATH\index.php(79): CodeIgniter\CodeIgniter->run()
 6 SYSTEMPATH\Commands\Server\rewrite.php(47): require_once('C:\\xamppx\\htdocs\\appci4download\\public\\index.php')
INFO - 2024-05-29 11:45:19 --> Session: Class initialized using 'CodeIgniter\Session\Handlers\FileHandler' driver.
CRITICAL - 2024-05-29 11:45:20 --> CodeIgniter\HTTP\Exceptions\BadRequestException: The URI you submitted has disallowed characters: "all.min.css'"
in SYSTEMPATH\Router\Router.php on line 704.
 1 SYSTEMPATH\Router\Router.php(195): CodeIgniter\Router\Router->checkDisallowedChars('vendor/fontawesome-free/css/all.min.css\'')
 2 SYSTEMPATH\CodeIgniter.php(825): CodeIgniter\Router\Router->handle('vendor/fontawesome-free/css/all.min.css\'')
 3 SYSTEMPATH\CodeIgniter.php(450): CodeIgniter\CodeIgniter->tryToRouteIt(Object(CodeIgniter\Router\RouteCollection))
 4 SYSTEMPATH\CodeIgniter.php(361): CodeIgniter\CodeIgniter->handleRequest(null, Object(Config\Cache), false)
 5 FCPATH\index.php(79): CodeIgniter\CodeIgniter->run()
 6 SYSTEMPATH\Commands\Server\rewrite.php(47): require_once('C:\\xamppx\\htdocs\\appci4download\\public\\index.php')
INFO - 2024-05-29 11:47:42 --> Session: Class initialized using 'CodeIgniter\Session\Handlers\FileHandler' driver.
CRITICAL - 2024-05-29 11:47:43 --> CodeIgniter\HTTP\Exceptions\BadRequestException: The URI you submitted has disallowed characters: "all.min.css'"
in SYSTEMPATH\Router\Router.php on line 704.
 1 SYSTEMPATH\Router\Router.php(195): CodeIgniter\Router\Router->checkDisallowedChars('vendor/fontawesome-free/css/all.min.css\'')
 2 SYSTEMPATH\CodeIgniter.php(825): CodeIgniter\Router\Router->handle('vendor/fontawesome-free/css/all.min.css\'')
 3 SYSTEMPATH\CodeIgniter.php(450): CodeIgniter\CodeIgniter->tryToRouteIt(Object(CodeIgniter\Router\RouteCollection))
 4 SYSTEMPATH\CodeIgniter.php(361): CodeIgniter\CodeIgniter->handleRequest(null, Object(Config\Cache), false)
 5 FCPATH\index.php(79): CodeIgniter\CodeIgniter->run()
 6 SYSTEMPATH\Commands\Server\rewrite.php(47): require_once('C:\\xamppx\\htdocs\\appci4download\\public\\index.php')
INFO - 2024-05-29 11:48:04 --> Session: Class initialized using 'CodeIgniter\Session\Handlers\FileHandler' driver.
INFO - 2024-05-29 11:48:04 --> Session: Class initialized using 'CodeIgniter\Session\Handlers\FileHandler' driver.
CRITICAL - 2024-05-29 11:48:05 --> CodeIgniter\HTTP\Exceptions\BadRequestException: The URI you submitted has disallowed characters: "all.min.css'"
in SYSTEMPATH\Router\Router.php on line 704.
 1 SYSTEMPATH\Router\Router.php(195): CodeIgniter\Router\Router->checkDisallowedChars('vendor/fontawesome-free/css/all.min.css\'')
 2 SYSTEMPATH\CodeIgniter.php(825): CodeIgniter\Router\Router->handle('vendor/fontawesome-free/css/all.min.css\'')
 3 SYSTEMPATH\CodeIgniter.php(450): CodeIgniter\CodeIgniter->tryToRouteIt(Object(CodeIgniter\Router\RouteCollection))
 4 SYSTEMPATH\CodeIgniter.php(361): CodeIgniter\CodeIgniter->handleRequest(null, Object(Config\Cache), false)
 5 FCPATH\index.php(79): CodeIgniter\CodeIgniter->run()
 6 SYSTEMPATH\Commands\Server\rewrite.php(47): require_once('C:\\xamppx\\htdocs\\appci4download\\public\\index.php')
INFO - 2024-05-29 11:48:11 --> Session: Class initialized using 'CodeIgniter\Session\Handlers\FileHandler' driver.
CRITICAL - 2024-05-29 11:48:11 --> CodeIgniter\HTTP\Exceptions\BadRequestException: The URI you submitted has disallowed characters: "all.min.css'"
in SYSTEMPATH\Router\Router.php on line 704.
 1 SYSTEMPATH\Router\Router.php(195): CodeIgniter\Router\Router->checkDisallowedChars('vendor/fontawesome-free/css/all.min.css\'')
 2 SYSTEMPATH\CodeIgniter.php(825): CodeIgniter\Router\Router->handle('vendor/fontawesome-free/css/all.min.css\'')
 3 SYSTEMPATH\CodeIgniter.php(450): CodeIgniter\CodeIgniter->tryToRouteIt(Object(CodeIgniter\Router\RouteCollection))
 4 SYSTEMPATH\CodeIgniter.php(361): CodeIgniter\CodeIgniter->handleRequest(null, Object(Config\Cache), false)
 5 FCPATH\index.php(79): CodeIgniter\CodeIgniter->run()
 6 SYSTEMPATH\Commands\Server\rewrite.php(47): require_once('C:\\xamppx\\htdocs\\appci4download\\public\\index.php')
INFO - 2024-05-29 11:48:14 --> Session: Class initialized using 'CodeIgniter\Session\Handlers\FileHandler' driver.
CRITICAL - 2024-05-29 11:48:14 --> CodeIgniter\HTTP\Exceptions\BadRequestException: The URI you submitted has disallowed characters: "all.min.css'"
in SYSTEMPATH\Router\Router.php on line 704.
 1 SYSTEMPATH\Router\Router.php(195): CodeIgniter\Router\Router->checkDisallowedChars('vendor/fontawesome-free/css/all.min.css\'')
 2 SYSTEMPATH\CodeIgniter.php(825): CodeIgniter\Router\Router->handle('vendor/fontawesome-free/css/all.min.css\'')
 3 SYSTEMPATH\CodeIgniter.php(450): CodeIgniter\CodeIgniter->tryToRouteIt(Object(CodeIgniter\Router\RouteCollection))
 4 SYSTEMPATH\CodeIgniter.php(361): CodeIgniter\CodeIgniter->handleRequest(null, Object(Config\Cache), false)
 5 FCPATH\index.php(79): CodeIgniter\CodeIgniter->run()
 6 SYSTEMPATH\Commands\Server\rewrite.php(47): require_once('C:\\xamppx\\htdocs\\appci4download\\public\\index.php')
INFO - 2024-05-29 11:51:23 --> Session: Class initialized using 'CodeIgniter\Session\Handlers\FileHandler' driver.
CRITICAL - 2024-05-29 11:51:23 --> CodeIgniter\HTTP\Exceptions\BadRequestException: The URI you submitted has disallowed characters: "all.min.css'"
in SYSTEMPATH\Router\Router.php on line 704.
 1 SYSTEMPATH\Router\Router.php(195): CodeIgniter\Router\Router->checkDisallowedChars('vendor/fontawesome-free/css/all.min.css\'')
 2 SYSTEMPATH\CodeIgniter.php(825): CodeIgniter\Router\Router->handle('vendor/fontawesome-free/css/all.min.css\'')
 3 SYSTEMPATH\CodeIgniter.php(450): CodeIgniter\CodeIgniter->tryToRouteIt(Object(CodeIgniter\Router\RouteCollection))
 4 SYSTEMPATH\CodeIgniter.php(361): CodeIgniter\CodeIgniter->handleRequest(null, Object(Config\Cache), false)
 5 FCPATH\index.php(79): CodeIgniter\CodeIgniter->run()
 6 SYSTEMPATH\Commands\Server\rewrite.php(47): require_once('C:\\xamppx\\htdocs\\appci4download\\public\\index.php')
INFO - 2024-05-29 11:52:16 --> Session: Class initialized using 'CodeIgniter\Session\Handlers\FileHandler' driver.
CRITICAL - 2024-05-29 11:52:17 --> CodeIgniter\HTTP\Exceptions\BadRequestException: The URI you submitted has disallowed characters: "all.min.css'"
in SYSTEMPATH\Router\Router.php on line 704.
 1 SYSTEMPATH\Router\Router.php(195): CodeIgniter\Router\Router->checkDisallowedChars('vendor/fontawesome-free/css/all.min.css\'')
 2 SYSTEMPATH\CodeIgniter.php(825): CodeIgniter\Router\Router->handle('vendor/fontawesome-free/css/all.min.css\'')
 3 SYSTEMPATH\CodeIgniter.php(450): CodeIgniter\CodeIgniter->tryToRouteIt(Object(CodeIgniter\Router\RouteCollection))
 4 SYSTEMPATH\CodeIgniter.php(361): CodeIgniter\CodeIgniter->handleRequest(null, Object(Config\Cache), false)
 5 FCPATH\index.php(79): CodeIgniter\CodeIgniter->run()
 6 SYSTEMPATH\Commands\Server\rewrite.php(47): require_once('C:\\xamppx\\htdocs\\appci4download\\public\\index.php')
INFO - 2024-05-29 11:59:42 --> Session: Class initialized using 'CodeIgniter\Session\Handlers\FileHandler' driver.
CRITICAL - 2024-05-29 11:59:43 --> CodeIgniter\HTTP\Exceptions\BadRequestException: The URI you submitted has disallowed characters: "all.min.css'"
in SYSTEMPATH\Router\Router.php on line 704.
 1 SYSTEMPATH\Router\Router.php(195): CodeIgniter\Router\Router->checkDisallowedChars('vendor/fontawesome-free/css/all.min.css\'')
 2 SYSTEMPATH\CodeIgniter.php(825): CodeIgniter\Router\Router->handle('vendor/fontawesome-free/css/all.min.css\'')
 3 SYSTEMPATH\CodeIgniter.php(450): CodeIgniter\CodeIgniter->tryToRouteIt(Object(CodeIgniter\Router\RouteCollection))
 4 SYSTEMPATH\CodeIgniter.php(361): CodeIgniter\CodeIgniter->handleRequest(null, Object(Config\Cache), false)
 5 FCPATH\index.php(79): CodeIgniter\CodeIgniter->run()
 6 SYSTEMPATH\Commands\Server\rewrite.php(47): require_once('C:\\xamppx\\htdocs\\appci4download\\public\\index.php')
INFO - 2024-05-29 12:00:12 --> Session: Class initialized using 'CodeIgniter\Session\Handlers\FileHandler' driver.
INFO - 2024-05-29 12:00:13 --> Session: Class initialized using 'CodeIgniter\Session\Handlers\FileHandler' driver.
CRITICAL - 2024-05-29 12:00:13 --> CodeIgniter\HTTP\Exceptions\BadRequestException: The URI you submitted has disallowed characters: "all.min.css'"
in SYSTEMPATH\Router\Router.php on line 704.
 1 SYSTEMPATH\Router\Router.php(195): CodeIgniter\Router\Router->checkDisallowedChars('vendor/fontawesome-free/css/all.min.css\'')
 2 SYSTEMPATH\CodeIgniter.php(825): CodeIgniter\Router\Router->handle('vendor/fontawesome-free/css/all.min.css\'')
 3 SYSTEMPATH\CodeIgniter.php(450): CodeIgniter\CodeIgniter->tryToRouteIt(Object(CodeIgniter\Router\RouteCollection))
 4 SYSTEMPATH\CodeIgniter.php(361): CodeIgniter\CodeIgniter->handleRequest(null, Object(Config\Cache), false)
 5 FCPATH\index.php(79): CodeIgniter\CodeIgniter->run()
 6 SYSTEMPATH\Commands\Server\rewrite.php(47): require_once('C:\\xamppx\\htdocs\\appci4download\\public\\index.php')
INFO - 2024-05-29 12:00:25 --> Session: Class initialized using 'CodeIgniter\Session\Handlers\FileHandler' driver.
CRITICAL - 2024-05-29 12:00:25 --> CodeIgniter\HTTP\Exceptions\BadRequestException: The URI you submitted has disallowed characters: "all.min.css'"
in SYSTEMPATH\Router\Router.php on line 704.
 1 SYSTEMPATH\Router\Router.php(195): CodeIgniter\Router\Router->checkDisallowedChars('vendor/fontawesome-free/css/all.min.css\'')
 2 SYSTEMPATH\CodeIgniter.php(825): CodeIgniter\Router\Router->handle('vendor/fontawesome-free/css/all.min.css\'')
 3 SYSTEMPATH\CodeIgniter.php(450): CodeIgniter\CodeIgniter->tryToRouteIt(Object(CodeIgniter\Router\RouteCollection))
 4 SYSTEMPATH\CodeIgniter.php(361): CodeIgniter\CodeIgniter->handleRequest(null, Object(Config\Cache), false)
 5 FCPATH\index.php(79): CodeIgniter\CodeIgniter->run()
 6 SYSTEMPATH\Commands\Server\rewrite.php(47): require_once('C:\\xamppx\\htdocs\\appci4download\\public\\index.php')
INFO - 2024-05-29 12:00:46 --> Session: Class initialized using 'CodeIgniter\Session\Handlers\FileHandler' driver.
CRITICAL - 2024-05-29 12:00:46 --> CodeIgniter\HTTP\Exceptions\BadRequestException: The URI you submitted has disallowed characters: "all.min.css'"
in SYSTEMPATH\Router\Router.php on line 704.
 1 SYSTEMPATH\Router\Router.php(195): CodeIgniter\Router\Router->checkDisallowedChars('vendor/fontawesome-free/css/all.min.css\'')
 2 SYSTEMPATH\CodeIgniter.php(825): CodeIgniter\Router\Router->handle('vendor/fontawesome-free/css/all.min.css\'')
 3 SYSTEMPATH\CodeIgniter.php(450): CodeIgniter\CodeIgniter->tryToRouteIt(Object(CodeIgniter\Router\RouteCollection))
 4 SYSTEMPATH\CodeIgniter.php(361): CodeIgniter\CodeIgniter->handleRequest(null, Object(Config\Cache), false)
 5 FCPATH\index.php(79): CodeIgniter\CodeIgniter->run()
 6 SYSTEMPATH\Commands\Server\rewrite.php(47): require_once('C:\\xamppx\\htdocs\\appci4download\\public\\index.php')
INFO - 2024-05-29 12:00:59 --> Session: Class initialized using 'CodeIgniter\Session\Handlers\FileHandler' driver.
CRITICAL - 2024-05-29 12:00:59 --> CodeIgniter\HTTP\Exceptions\BadRequestException: The URI you submitted has disallowed characters: "all.min.css'"
in SYSTEMPATH\Router\Router.php on line 704.
 1 SYSTEMPATH\Router\Router.php(195): CodeIgniter\Router\Router->checkDisallowedChars('vendor/fontawesome-free/css/all.min.css\'')
 2 SYSTEMPATH\CodeIgniter.php(825): CodeIgniter\Router\Router->handle('vendor/fontawesome-free/css/all.min.css\'')
 3 SYSTEMPATH\CodeIgniter.php(450): CodeIgniter\CodeIgniter->tryToRouteIt(Object(CodeIgniter\Router\RouteCollection))
 4 SYSTEMPATH\CodeIgniter.php(361): CodeIgniter\CodeIgniter->handleRequest(null, Object(Config\Cache), false)
 5 FCPATH\index.php(79): CodeIgniter\CodeIgniter->run()
 6 SYSTEMPATH\Commands\Server\rewrite.php(47): require_once('C:\\xamppx\\htdocs\\appci4download\\public\\index.php')
INFO - 2024-05-29 12:01:08 --> Session: Class initialized using 'CodeIgniter\Session\Handlers\FileHandler' driver.
INFO - 2024-05-29 12:01:08 --> Session: Class initialized using 'CodeIgniter\Session\Handlers\FileHandler' driver.
CRITICAL - 2024-05-29 12:01:08 --> CodeIgniter\HTTP\Exceptions\BadRequestException: The URI you submitted has disallowed characters: "all.min.css'"
in SYSTEMPATH\Router\Router.php on line 704.
 1 SYSTEMPATH\Router\Router.php(195): CodeIgniter\Router\Router->checkDisallowedChars('vendor/fontawesome-free/css/all.min.css\'')
 2 SYSTEMPATH\CodeIgniter.php(825): CodeIgniter\Router\Router->handle('vendor/fontawesome-free/css/all.min.css\'')
 3 SYSTEMPATH\CodeIgniter.php(450): CodeIgniter\CodeIgniter->tryToRouteIt(Object(CodeIgniter\Router\RouteCollection))
 4 SYSTEMPATH\CodeIgniter.php(361): CodeIgniter\CodeIgniter->handleRequest(null, Object(Config\Cache), false)
 5 FCPATH\index.php(79): CodeIgniter\CodeIgniter->run()
 6 SYSTEMPATH\Commands\Server\rewrite.php(47): require_once('C:\\xamppx\\htdocs\\appci4download\\public\\index.php')
INFO - 2024-05-29 12:01:26 --> Session: Class initialized using 'CodeIgniter\Session\Handlers\FileHandler' driver.
CRITICAL - 2024-05-29 12:01:27 --> CodeIgniter\HTTP\Exceptions\BadRequestException: The URI you submitted has disallowed characters: "all.min.css'"
in SYSTEMPATH\Router\Router.php on line 704.
 1 SYSTEMPATH\Router\Router.php(195): CodeIgniter\Router\Router->checkDisallowedChars('vendor/fontawesome-free/css/all.min.css\'')
 2 SYSTEMPATH\CodeIgniter.php(825): CodeIgniter\Router\Router->handle('vendor/fontawesome-free/css/all.min.css\'')
 3 SYSTEMPATH\CodeIgniter.php(450): CodeIgniter\CodeIgniter->tryToRouteIt(Object(CodeIgniter\Router\RouteCollection))
 4 SYSTEMPATH\CodeIgniter.php(361): CodeIgniter\CodeIgniter->handleRequest(null, Object(Config\Cache), false)
 5 FCPATH\index.php(79): CodeIgniter\CodeIgniter->run()
 6 SYSTEMPATH\Commands\Server\rewrite.php(47): require_once('C:\\xamppx\\htdocs\\appci4download\\public\\index.php')
INFO - 2024-05-29 12:01:35 --> Session: Class initialized using 'CodeIgniter\Session\Handlers\FileHandler' driver.
INFO - 2024-05-29 12:01:35 --> Session: Class initialized using 'CodeIgniter\Session\Handlers\FileHandler' driver.
CRITICAL - 2024-05-29 12:01:35 --> CodeIgniter\HTTP\Exceptions\BadRequestException: The URI you submitted has disallowed characters: "all.min.css'"
in SYSTEMPATH\Router\Router.php on line 704.
 1 SYSTEMPATH\Router\Router.php(195): CodeIgniter\Router\Router->checkDisallowedChars('vendor/fontawesome-free/css/all.min.css\'')
 2 SYSTEMPATH\CodeIgniter.php(825): CodeIgniter\Router\Router->handle('vendor/fontawesome-free/css/all.min.css\'')
 3 SYSTEMPATH\CodeIgniter.php(450): CodeIgniter\CodeIgniter->tryToRouteIt(Object(CodeIgniter\Router\RouteCollection))
 4 SYSTEMPATH\CodeIgniter.php(361): CodeIgniter\CodeIgniter->handleRequest(null, Object(Config\Cache), false)
 5 FCPATH\index.php(79): CodeIgniter\CodeIgniter->run()
 6 SYSTEMPATH\Commands\Server\rewrite.php(47): require_once('C:\\xamppx\\htdocs\\appci4download\\public\\index.php')
INFO - 2024-05-29 12:01:57 --> Session: Class initialized using 'CodeIgniter\Session\Handlers\FileHandler' driver.
CRITICAL - 2024-05-29 12:01:58 --> CodeIgniter\HTTP\Exceptions\BadRequestException: The URI you submitted has disallowed characters: "all.min.css'"
in SYSTEMPATH\Router\Router.php on line 704.
 1 SYSTEMPATH\Router\Router.php(195): CodeIgniter\Router\Router->checkDisallowedChars('vendor/fontawesome-free/css/all.min.css\'')
 2 SYSTEMPATH\CodeIgniter.php(825): CodeIgniter\Router\Router->handle('vendor/fontawesome-free/css/all.min.css\'')
 3 SYSTEMPATH\CodeIgniter.php(450): CodeIgniter\CodeIgniter->tryToRouteIt(Object(CodeIgniter\Router\RouteCollection))
 4 SYSTEMPATH\CodeIgniter.php(361): CodeIgniter\CodeIgniter->handleRequest(null, Object(Config\Cache), false)
 5 FCPATH\index.php(79): CodeIgniter\CodeIgniter->run()
 6 SYSTEMPATH\Commands\Server\rewrite.php(47): require_once('C:\\xamppx\\htdocs\\appci4download\\public\\index.php')
INFO - 2024-05-29 12:02:02 --> Session: Class initialized using 'CodeIgniter\Session\Handlers\FileHandler' driver.
INFO - 2024-05-29 12:02:02 --> Session: Class initialized using 'CodeIgniter\Session\Handlers\FileHandler' driver.
CRITICAL - 2024-05-29 12:02:03 --> CodeIgniter\HTTP\Exceptions\BadRequestException: The URI you submitted has disallowed characters: "all.min.css'"
in SYSTEMPATH\Router\Router.php on line 704.
 1 SYSTEMPATH\Router\Router.php(195): CodeIgniter\Router\Router->checkDisallowedChars('vendor/fontawesome-free/css/all.min.css\'')
 2 SYSTEMPATH\CodeIgniter.php(825): CodeIgniter\Router\Router->handle('vendor/fontawesome-free/css/all.min.css\'')
 3 SYSTEMPATH\CodeIgniter.php(450): CodeIgniter\CodeIgniter->tryToRouteIt(Object(CodeIgniter\Router\RouteCollection))
 4 SYSTEMPATH\CodeIgniter.php(361): CodeIgniter\CodeIgniter->handleRequest(null, Object(Config\Cache), false)
 5 FCPATH\index.php(79): CodeIgniter\CodeIgniter->run()
 6 SYSTEMPATH\Commands\Server\rewrite.php(47): require_once('C:\\xamppx\\htdocs\\appci4download\\public\\index.php')
INFO - 2024-05-29 12:02:11 --> Session: Class initialized using 'CodeIgniter\Session\Handlers\FileHandler' driver.
CRITICAL - 2024-05-29 12:02:11 --> CodeIgniter\HTTP\Exceptions\BadRequestException: The URI you submitted has disallowed characters: "all.min.css'"
in SYSTEMPATH\Router\Router.php on line 704.
 1 SYSTEMPATH\Router\Router.php(195): CodeIgniter\Router\Router->checkDisallowedChars('vendor/fontawesome-free/css/all.min.css\'')
 2 SYSTEMPATH\CodeIgniter.php(825): CodeIgniter\Router\Router->handle('vendor/fontawesome-free/css/all.min.css\'')
 3 SYSTEMPATH\CodeIgniter.php(450): CodeIgniter\CodeIgniter->tryToRouteIt(Object(CodeIgniter\Router\RouteCollection))
 4 SYSTEMPATH\CodeIgniter.php(361): CodeIgniter\CodeIgniter->handleRequest(null, Object(Config\Cache), false)
 5 FCPATH\index.php(79): CodeIgniter\CodeIgniter->run()
 6 SYSTEMPATH\Commands\Server\rewrite.php(47): require_once('C:\\xamppx\\htdocs\\appci4download\\public\\index.php')
INFO - 2024-05-29 12:02:17 --> Session: Class initialized using 'CodeIgniter\Session\Handlers\FileHandler' driver.
INFO - 2024-05-29 12:02:17 --> Session: Class initialized using 'CodeIgniter\Session\Handlers\FileHandler' driver.
CRITICAL - 2024-05-29 12:02:17 --> CodeIgniter\HTTP\Exceptions\BadRequestException: The URI you submitted has disallowed characters: "all.min.css'"
in SYSTEMPATH\Router\Router.php on line 704.
 1 SYSTEMPATH\Router\Router.php(195): CodeIgniter\Router\Router->checkDisallowedChars('vendor/fontawesome-free/css/all.min.css\'')
 2 SYSTEMPATH\CodeIgniter.php(825): CodeIgniter\Router\Router->handle('vendor/fontawesome-free/css/all.min.css\'')
 3 SYSTEMPATH\CodeIgniter.php(450): CodeIgniter\CodeIgniter->tryToRouteIt(Object(CodeIgniter\Router\RouteCollection))
 4 SYSTEMPATH\CodeIgniter.php(361): CodeIgniter\CodeIgniter->handleRequest(null, Object(Config\Cache), false)
 5 FCPATH\index.php(79): CodeIgniter\CodeIgniter->run()
 6 SYSTEMPATH\Commands\Server\rewrite.php(47): require_once('C:\\xamppx\\htdocs\\appci4download\\public\\index.php')
INFO - 2024-05-29 12:02:21 --> Session: Class initialized using 'CodeIgniter\Session\Handlers\FileHandler' driver.
CRITICAL - 2024-05-29 12:02:22 --> CodeIgniter\HTTP\Exceptions\BadRequestException: The URI you submitted has disallowed characters: "all.min.css'"
in SYSTEMPATH\Router\Router.php on line 704.
 1 SYSTEMPATH\Router\Router.php(195): CodeIgniter\Router\Router->checkDisallowedChars('vendor/fontawesome-free/css/all.min.css\'')
 2 SYSTEMPATH\CodeIgniter.php(825): CodeIgniter\Router\Router->handle('vendor/fontawesome-free/css/all.min.css\'')
 3 SYSTEMPATH\CodeIgniter.php(450): CodeIgniter\CodeIgniter->tryToRouteIt(Object(CodeIgniter\Router\RouteCollection))
 4 SYSTEMPATH\CodeIgniter.php(361): CodeIgniter\CodeIgniter->handleRequest(null, Object(Config\Cache), false)
 5 FCPATH\index.php(79): CodeIgniter\CodeIgniter->run()
 6 SYSTEMPATH\Commands\Server\rewrite.php(47): require_once('C:\\xamppx\\htdocs\\appci4download\\public\\index.php')
INFO - 2024-05-29 12:02:30 --> Session: Class initialized using 'CodeIgniter\Session\Handlers\FileHandler' driver.
INFO - 2024-05-29 12:02:30 --> Session: Class initialized using 'CodeIgniter\Session\Handlers\FileHandler' driver.
CRITICAL - 2024-05-29 12:02:30 --> CodeIgniter\HTTP\Exceptions\BadRequestException: The URI you submitted has disallowed characters: "all.min.css'"
in SYSTEMPATH\Router\Router.php on line 704.
 1 SYSTEMPATH\Router\Router.php(195): CodeIgniter\Router\Router->checkDisallowedChars('vendor/fontawesome-free/css/all.min.css\'')
 2 SYSTEMPATH\CodeIgniter.php(825): CodeIgniter\Router\Router->handle('vendor/fontawesome-free/css/all.min.css\'')
 3 SYSTEMPATH\CodeIgniter.php(450): CodeIgniter\CodeIgniter->tryToRouteIt(Object(CodeIgniter\Router\RouteCollection))
 4 SYSTEMPATH\CodeIgniter.php(361): CodeIgniter\CodeIgniter->handleRequest(null, Object(Config\Cache), false)
 5 FCPATH\index.php(79): CodeIgniter\CodeIgniter->run()
 6 SYSTEMPATH\Commands\Server\rewrite.php(47): require_once('C:\\xamppx\\htdocs\\appci4download\\public\\index.php')
INFO - 2024-05-29 12:02:34 --> Session: Class initialized using 'CodeIgniter\Session\Handlers\FileHandler' driver.
CRITICAL - 2024-05-29 12:02:34 --> CodeIgniter\HTTP\Exceptions\BadRequestException: The URI you submitted has disallowed characters: "all.min.css'"
in SYSTEMPATH\Router\Router.php on line 704.
 1 SYSTEMPATH\Router\Router.php(195): CodeIgniter\Router\Router->checkDisallowedChars('vendor/fontawesome-free/css/all.min.css\'')
 2 SYSTEMPATH\CodeIgniter.php(825): CodeIgniter\Router\Router->handle('vendor/fontawesome-free/css/all.min.css\'')
 3 SYSTEMPATH\CodeIgniter.php(450): CodeIgniter\CodeIgniter->tryToRouteIt(Object(CodeIgniter\Router\RouteCollection))
 4 SYSTEMPATH\CodeIgniter.php(361): CodeIgniter\CodeIgniter->handleRequest(null, Object(Config\Cache), false)
 5 FCPATH\index.php(79): CodeIgniter\CodeIgniter->run()
 6 SYSTEMPATH\Commands\Server\rewrite.php(47): require_once('C:\\xamppx\\htdocs\\appci4download\\public\\index.php')
INFO - 2024-05-29 12:02:58 --> Session: Class initialized using 'CodeIgniter\Session\Handlers\FileHandler' driver.
INFO - 2024-05-29 12:02:59 --> Session: Class initialized using 'CodeIgniter\Session\Handlers\FileHandler' driver.
CRITICAL - 2024-05-29 12:02:59 --> CodeIgniter\HTTP\Exceptions\BadRequestException: The URI you submitted has disallowed characters: "all.min.css'"
in SYSTEMPATH\Router\Router.php on line 704.
 1 SYSTEMPATH\Router\Router.php(195): CodeIgniter\Router\Router->checkDisallowedChars('vendor/fontawesome-free/css/all.min.css\'')
 2 SYSTEMPATH\CodeIgniter.php(825): CodeIgniter\Router\Router->handle('vendor/fontawesome-free/css/all.min.css\'')
 3 SYSTEMPATH\CodeIgniter.php(450): CodeIgniter\CodeIgniter->tryToRouteIt(Object(CodeIgniter\Router\RouteCollection))
 4 SYSTEMPATH\CodeIgniter.php(361): CodeIgniter\CodeIgniter->handleRequest(null, Object(Config\Cache), false)
 5 FCPATH\index.php(79): CodeIgniter\CodeIgniter->run()
 6 SYSTEMPATH\Commands\Server\rewrite.php(47): require_once('C:\\xamppx\\htdocs\\appci4download\\public\\index.php')
INFO - 2024-05-29 12:03:05 --> Session: Class initialized using 'CodeIgniter\Session\Handlers\FileHandler' driver.
CRITICAL - 2024-05-29 12:03:05 --> CodeIgniter\HTTP\Exceptions\BadRequestException: The URI you submitted has disallowed characters: "all.min.css'"
in SYSTEMPATH\Router\Router.php on line 704.
 1 SYSTEMPATH\Router\Router.php(195): CodeIgniter\Router\Router->checkDisallowedChars('vendor/fontawesome-free/css/all.min.css\'')
 2 SYSTEMPATH\CodeIgniter.php(825): CodeIgniter\Router\Router->handle('vendor/fontawesome-free/css/all.min.css\'')
 3 SYSTEMPATH\CodeIgniter.php(450): CodeIgniter\CodeIgniter->tryToRouteIt(Object(CodeIgniter\Router\RouteCollection))
 4 SYSTEMPATH\CodeIgniter.php(361): CodeIgniter\CodeIgniter->handleRequest(null, Object(Config\Cache), false)
 5 FCPATH\index.php(79): CodeIgniter\CodeIgniter->run()
 6 SYSTEMPATH\Commands\Server\rewrite.php(47): require_once('C:\\xamppx\\htdocs\\appci4download\\public\\index.php')
INFO - 2024-05-29 12:03:18 --> Session: Class initialized using 'CodeIgniter\Session\Handlers\FileHandler' driver.
INFO - 2024-05-29 12:03:18 --> Session: Class initialized using 'CodeIgniter\Session\Handlers\FileHandler' driver.
CRITICAL - 2024-05-29 12:03:18 --> CodeIgniter\HTTP\Exceptions\BadRequestException: The URI you submitted has disallowed characters: "all.min.css'"
in SYSTEMPATH\Router\Router.php on line 704.
 1 SYSTEMPATH\Router\Router.php(195): CodeIgniter\Router\Router->checkDisallowedChars('vendor/fontawesome-free/css/all.min.css\'')
 2 SYSTEMPATH\CodeIgniter.php(825): CodeIgniter\Router\Router->handle('vendor/fontawesome-free/css/all.min.css\'')
 3 SYSTEMPATH\CodeIgniter.php(450): CodeIgniter\CodeIgniter->tryToRouteIt(Object(CodeIgniter\Router\RouteCollection))
 4 SYSTEMPATH\CodeIgniter.php(361): CodeIgniter\CodeIgniter->handleRequest(null, Object(Config\Cache), false)
 5 FCPATH\index.php(79): CodeIgniter\CodeIgniter->run()
 6 SYSTEMPATH\Commands\Server\rewrite.php(47): require_once('C:\\xamppx\\htdocs\\appci4download\\public\\index.php')
INFO - 2024-05-29 12:03:27 --> Session: Class initialized using 'CodeIgniter\Session\Handlers\FileHandler' driver.
CRITICAL - 2024-05-29 12:03:27 --> CodeIgniter\HTTP\Exceptions\BadRequestException: The URI you submitted has disallowed characters: "all.min.css'"
in SYSTEMPATH\Router\Router.php on line 704.
 1 SYSTEMPATH\Router\Router.php(195): CodeIgniter\Router\Router->checkDisallowedChars('vendor/fontawesome-free/css/all.min.css\'')
 2 SYSTEMPATH\CodeIgniter.php(825): CodeIgniter\Router\Router->handle('vendor/fontawesome-free/css/all.min.css\'')
 3 SYSTEMPATH\CodeIgniter.php(450): CodeIgniter\CodeIgniter->tryToRouteIt(Object(CodeIgniter\Router\RouteCollection))
 4 SYSTEMPATH\CodeIgniter.php(361): CodeIgniter\CodeIgniter->handleRequest(null, Object(Config\Cache), false)
 5 FCPATH\index.php(79): CodeIgniter\CodeIgniter->run()
 6 SYSTEMPATH\Commands\Server\rewrite.php(47): require_once('C:\\xamppx\\htdocs\\appci4download\\public\\index.php')
INFO - 2024-05-29 12:03:33 --> Session: Class initialized using 'CodeIgniter\Session\Handlers\FileHandler' driver.
INFO - 2024-05-29 12:03:34 --> Session: Class initialized using 'CodeIgniter\Session\Handlers\FileHandler' driver.
CRITICAL - 2024-05-29 12:03:34 --> CodeIgniter\HTTP\Exceptions\BadRequestException: The URI you submitted has disallowed characters: "all.min.css'"
in SYSTEMPATH\Router\Router.php on line 704.
 1 SYSTEMPATH\Router\Router.php(195): CodeIgniter\Router\Router->checkDisallowedChars('vendor/fontawesome-free/css/all.min.css\'')
 2 SYSTEMPATH\CodeIgniter.php(825): CodeIgniter\Router\Router->handle('vendor/fontawesome-free/css/all.min.css\'')
 3 SYSTEMPATH\CodeIgniter.php(450): CodeIgniter\CodeIgniter->tryToRouteIt(Object(CodeIgniter\Router\RouteCollection))
 4 SYSTEMPATH\CodeIgniter.php(361): CodeIgniter\CodeIgniter->handleRequest(null, Object(Config\Cache), false)
 5 FCPATH\index.php(79): CodeIgniter\CodeIgniter->run()
 6 SYSTEMPATH\Commands\Server\rewrite.php(47): require_once('C:\\xamppx\\htdocs\\appci4download\\public\\index.php')
INFO - 2024-05-29 12:03:46 --> Session: Class initialized using 'CodeIgniter\Session\Handlers\FileHandler' driver.
CRITICAL - 2024-05-29 12:03:46 --> CodeIgniter\HTTP\Exceptions\BadRequestException: The URI you submitted has disallowed characters: "all.min.css'"
in SYSTEMPATH\Router\Router.php on line 704.
 1 SYSTEMPATH\Router\Router.php(195): CodeIgniter\Router\Router->checkDisallowedChars('vendor/fontawesome-free/css/all.min.css\'')
 2 SYSTEMPATH\CodeIgniter.php(825): CodeIgniter\Router\Router->handle('vendor/fontawesome-free/css/all.min.css\'')
 3 SYSTEMPATH\CodeIgniter.php(450): CodeIgniter\CodeIgniter->tryToRouteIt(Object(CodeIgniter\Router\RouteCollection))
 4 SYSTEMPATH\CodeIgniter.php(361): CodeIgniter\CodeIgniter->handleRequest(null, Object(Config\Cache), false)
 5 FCPATH\index.php(79): CodeIgniter\CodeIgniter->run()
 6 SYSTEMPATH\Commands\Server\rewrite.php(47): require_once('C:\\xamppx\\htdocs\\appci4download\\public\\index.php')
INFO - 2024-05-29 12:03:56 --> Session: Class initialized using 'CodeIgniter\Session\Handlers\FileHandler' driver.
INFO - 2024-05-29 12:03:56 --> Session: Class initialized using 'CodeIgniter\Session\Handlers\FileHandler' driver.
CRITICAL - 2024-05-29 12:03:56 --> CodeIgniter\HTTP\Exceptions\BadRequestException: The URI you submitted has disallowed characters: "all.min.css'"
in SYSTEMPATH\Router\Router.php on line 704.
 1 SYSTEMPATH\Router\Router.php(195): CodeIgniter\Router\Router->checkDisallowedChars('vendor/fontawesome-free/css/all.min.css\'')
 2 SYSTEMPATH\CodeIgniter.php(825): CodeIgniter\Router\Router->handle('vendor/fontawesome-free/css/all.min.css\'')
 3 SYSTEMPATH\CodeIgniter.php(450): CodeIgniter\CodeIgniter->tryToRouteIt(Object(CodeIgniter\Router\RouteCollection))
 4 SYSTEMPATH\CodeIgniter.php(361): CodeIgniter\CodeIgniter->handleRequest(null, Object(Config\Cache), false)
 5 FCPATH\index.php(79): CodeIgniter\CodeIgniter->run()
 6 SYSTEMPATH\Commands\Server\rewrite.php(47): require_once('C:\\xamppx\\htdocs\\appci4download\\public\\index.php')
INFO - 2024-05-29 12:04:00 --> Session: Class initialized using 'CodeIgniter\Session\Handlers\FileHandler' driver.
CRITICAL - 2024-05-29 12:04:00 --> CodeIgniter\HTTP\Exceptions\BadRequestException: The URI you submitted has disallowed characters: "all.min.css'"
in SYSTEMPATH\Router\Router.php on line 704.
 1 SYSTEMPATH\Router\Router.php(195): CodeIgniter\Router\Router->checkDisallowedChars('vendor/fontawesome-free/css/all.min.css\'')
 2 SYSTEMPATH\CodeIgniter.php(825): CodeIgniter\Router\Router->handle('vendor/fontawesome-free/css/all.min.css\'')
 3 SYSTEMPATH\CodeIgniter.php(450): CodeIgniter\CodeIgniter->tryToRouteIt(Object(CodeIgniter\Router\RouteCollection))
 4 SYSTEMPATH\CodeIgniter.php(361): CodeIgniter\CodeIgniter->handleRequest(null, Object(Config\Cache), false)
 5 FCPATH\index.php(79): CodeIgniter\CodeIgniter->run()
 6 SYSTEMPATH\Commands\Server\rewrite.php(47): require_once('C:\\xamppx\\htdocs\\appci4download\\public\\index.php')
INFO - 2024-05-29 12:04:16 --> Session: Class initialized using 'CodeIgniter\Session\Handlers\FileHandler' driver.
INFO - 2024-05-29 12:04:17 --> Session: Class initialized using 'CodeIgniter\Session\Handlers\FileHandler' driver.
CRITICAL - 2024-05-29 12:04:17 --> CodeIgniter\HTTP\Exceptions\BadRequestException: The URI you submitted has disallowed characters: "all.min.css'"
in SYSTEMPATH\Router\Router.php on line 704.
 1 SYSTEMPATH\Router\Router.php(195): CodeIgniter\Router\Router->checkDisallowedChars('vendor/fontawesome-free/css/all.min.css\'')
 2 SYSTEMPATH\CodeIgniter.php(825): CodeIgniter\Router\Router->handle('vendor/fontawesome-free/css/all.min.css\'')
 3 SYSTEMPATH\CodeIgniter.php(450): CodeIgniter\CodeIgniter->tryToRouteIt(Object(CodeIgniter\Router\RouteCollection))
 4 SYSTEMPATH\CodeIgniter.php(361): CodeIgniter\CodeIgniter->handleRequest(null, Object(Config\Cache), false)
 5 FCPATH\index.php(79): CodeIgniter\CodeIgniter->run()
 6 SYSTEMPATH\Commands\Server\rewrite.php(47): require_once('C:\\xamppx\\htdocs\\appci4download\\public\\index.php')
INFO - 2024-05-29 12:04:27 --> Session: Class initialized using 'CodeIgniter\Session\Handlers\FileHandler' driver.
CRITICAL - 2024-05-29 12:04:28 --> CodeIgniter\HTTP\Exceptions\BadRequestException: The URI you submitted has disallowed characters: "all.min.css'"
in SYSTEMPATH\Router\Router.php on line 704.
 1 SYSTEMPATH\Router\Router.php(195): CodeIgniter\Router\Router->checkDisallowedChars('vendor/fontawesome-free/css/all.min.css\'')
 2 SYSTEMPATH\CodeIgniter.php(825): CodeIgniter\Router\Router->handle('vendor/fontawesome-free/css/all.min.css\'')
 3 SYSTEMPATH\CodeIgniter.php(450): CodeIgniter\CodeIgniter->tryToRouteIt(Object(CodeIgniter\Router\RouteCollection))
 4 SYSTEMPATH\CodeIgniter.php(361): CodeIgniter\CodeIgniter->handleRequest(null, Object(Config\Cache), false)
 5 FCPATH\index.php(79): CodeIgniter\CodeIgniter->run()
 6 SYSTEMPATH\Commands\Server\rewrite.php(47): require_once('C:\\xamppx\\htdocs\\appci4download\\public\\index.php')
INFO - 2024-05-29 12:04:33 --> Session: Class initialized using 'CodeIgniter\Session\Handlers\FileHandler' driver.
INFO - 2024-05-29 12:04:33 --> Session: Class initialized using 'CodeIgniter\Session\Handlers\FileHandler' driver.
CRITICAL - 2024-05-29 12:04:33 --> CodeIgniter\HTTP\Exceptions\BadRequestException: The URI you submitted has disallowed characters: "all.min.css'"
in SYSTEMPATH\Router\Router.php on line 704.
 1 SYSTEMPATH\Router\Router.php(195): CodeIgniter\Router\Router->checkDisallowedChars('vendor/fontawesome-free/css/all.min.css\'')
 2 SYSTEMPATH\CodeIgniter.php(825): CodeIgniter\Router\Router->handle('vendor/fontawesome-free/css/all.min.css\'')
 3 SYSTEMPATH\CodeIgniter.php(450): CodeIgniter\CodeIgniter->tryToRouteIt(Object(CodeIgniter\Router\RouteCollection))
 4 SYSTEMPATH\CodeIgniter.php(361): CodeIgniter\CodeIgniter->handleRequest(null, Object(Config\Cache), false)
 5 FCPATH\index.php(79): CodeIgniter\CodeIgniter->run()
 6 SYSTEMPATH\Commands\Server\rewrite.php(47): require_once('C:\\xamppx\\htdocs\\appci4download\\public\\index.php')
INFO - 2024-05-29 12:06:08 --> Session: Class initialized using 'CodeIgniter\Session\Handlers\FileHandler' driver.
CRITICAL - 2024-05-29 12:06:09 --> CodeIgniter\HTTP\Exceptions\BadRequestException: The URI you submitted has disallowed characters: "all.min.css'"
in SYSTEMPATH\Router\Router.php on line 704.
 1 SYSTEMPATH\Router\Router.php(195): CodeIgniter\Router\Router->checkDisallowedChars('vendor/fontawesome-free/css/all.min.css\'')
 2 SYSTEMPATH\CodeIgniter.php(825): CodeIgniter\Router\Router->handle('vendor/fontawesome-free/css/all.min.css\'')
 3 SYSTEMPATH\CodeIgniter.php(450): CodeIgniter\CodeIgniter->tryToRouteIt(Object(CodeIgniter\Router\RouteCollection))
 4 SYSTEMPATH\CodeIgniter.php(361): CodeIgniter\CodeIgniter->handleRequest(null, Object(Config\Cache), false)
 5 FCPATH\index.php(79): CodeIgniter\CodeIgniter->run()
 6 SYSTEMPATH\Commands\Server\rewrite.php(47): require_once('C:\\xamppx\\htdocs\\appci4download\\public\\index.php')
INFO - 2024-05-29 12:06:13 --> Session: Class initialized using 'CodeIgniter\Session\Handlers\FileHandler' driver.
INFO - 2024-05-29 12:06:14 --> Session: Class initialized using 'CodeIgniter\Session\Handlers\FileHandler' driver.
CRITICAL - 2024-05-29 12:06:14 --> CodeIgniter\HTTP\Exceptions\BadRequestException: The URI you submitted has disallowed characters: "all.min.css'"
in SYSTEMPATH\Router\Router.php on line 704.
 1 SYSTEMPATH\Router\Router.php(195): CodeIgniter\Router\Router->checkDisallowedChars('vendor/fontawesome-free/css/all.min.css\'')
 2 SYSTEMPATH\CodeIgniter.php(825): CodeIgniter\Router\Router->handle('vendor/fontawesome-free/css/all.min.css\'')
 3 SYSTEMPATH\CodeIgniter.php(450): CodeIgniter\CodeIgniter->tryToRouteIt(Object(CodeIgniter\Router\RouteCollection))
 4 SYSTEMPATH\CodeIgniter.php(361): CodeIgniter\CodeIgniter->handleRequest(null, Object(Config\Cache), false)
 5 FCPATH\index.php(79): CodeIgniter\CodeIgniter->run()
 6 SYSTEMPATH\Commands\Server\rewrite.php(47): require_once('C:\\xamppx\\htdocs\\appci4download\\public\\index.php')
INFO - 2024-05-29 12:06:17 --> Session: Class initialized using 'CodeIgniter\Session\Handlers\FileHandler' driver.
CRITICAL - 2024-05-29 12:06:17 --> CodeIgniter\HTTP\Exceptions\BadRequestException: The URI you submitted has disallowed characters: "all.min.css'"
in SYSTEMPATH\Router\Router.php on line 704.
 1 SYSTEMPATH\Router\Router.php(195): CodeIgniter\Router\Router->checkDisallowedChars('vendor/fontawesome-free/css/all.min.css\'')
 2 SYSTEMPATH\CodeIgniter.php(825): CodeIgniter\Router\Router->handle('vendor/fontawesome-free/css/all.min.css\'')
 3 SYSTEMPATH\CodeIgniter.php(450): CodeIgniter\CodeIgniter->tryToRouteIt(Object(CodeIgniter\Router\RouteCollection))
 4 SYSTEMPATH\CodeIgniter.php(361): CodeIgniter\CodeIgniter->handleRequest(null, Object(Config\Cache), false)
 5 FCPATH\index.php(79): CodeIgniter\CodeIgniter->run()
 6 SYSTEMPATH\Commands\Server\rewrite.php(47): require_once('C:\\xamppx\\htdocs\\appci4download\\public\\index.php')
INFO - 2024-05-29 12:06:29 --> Session: Class initialized using 'CodeIgniter\Session\Handlers\FileHandler' driver.
INFO - 2024-05-29 12:06:29 --> Session: Class initialized using 'CodeIgniter\Session\Handlers\FileHandler' driver.
CRITICAL - 2024-05-29 12:06:29 --> CodeIgniter\HTTP\Exceptions\BadRequestException: The URI you submitted has disallowed characters: "all.min.css'"
in SYSTEMPATH\Router\Router.php on line 704.
 1 SYSTEMPATH\Router\Router.php(195): CodeIgniter\Router\Router->checkDisallowedChars('vendor/fontawesome-free/css/all.min.css\'')
 2 SYSTEMPATH\CodeIgniter.php(825): CodeIgniter\Router\Router->handle('vendor/fontawesome-free/css/all.min.css\'')
 3 SYSTEMPATH\CodeIgniter.php(450): CodeIgniter\CodeIgniter->tryToRouteIt(Object(CodeIgniter\Router\RouteCollection))
 4 SYSTEMPATH\CodeIgniter.php(361): CodeIgniter\CodeIgniter->handleRequest(null, Object(Config\Cache), false)
 5 FCPATH\index.php(79): CodeIgniter\CodeIgniter->run()
 6 SYSTEMPATH\Commands\Server\rewrite.php(47): require_once('C:\\xamppx\\htdocs\\appci4download\\public\\index.php')
INFO - 2024-05-29 12:12:20 --> Session: Class initialized using 'CodeIgniter\Session\Handlers\FileHandler' driver.
CRITICAL - 2024-05-29 12:12:21 --> CodeIgniter\HTTP\Exceptions\BadRequestException: The URI you submitted has disallowed characters: "all.min.css'"
in SYSTEMPATH\Router\Router.php on line 704.
 1 SYSTEMPATH\Router\Router.php(195): CodeIgniter\Router\Router->checkDisallowedChars('vendor/fontawesome-free/css/all.min.css\'')
 2 SYSTEMPATH\CodeIgniter.php(825): CodeIgniter\Router\Router->handle('vendor/fontawesome-free/css/all.min.css\'')
 3 SYSTEMPATH\CodeIgniter.php(450): CodeIgniter\CodeIgniter->tryToRouteIt(Object(CodeIgniter\Router\RouteCollection))
 4 SYSTEMPATH\CodeIgniter.php(361): CodeIgniter\CodeIgniter->handleRequest(null, Object(Config\Cache), false)
 5 FCPATH\index.php(79): CodeIgniter\CodeIgniter->run()
 6 SYSTEMPATH\Commands\Server\rewrite.php(47): require_once('C:\\xamppx\\htdocs\\appci4download\\public\\index.php')
INFO - 2024-05-29 12:12:24 --> Session: Class initialized using 'CodeIgniter\Session\Handlers\FileHandler' driver.
CRITICAL - 2024-05-29 12:12:25 --> CodeIgniter\HTTP\Exceptions\BadRequestException: The URI you submitted has disallowed characters: "all.min.css'"
in SYSTEMPATH\Router\Router.php on line 704.
 1 SYSTEMPATH\Router\Router.php(195): CodeIgniter\Router\Router->checkDisallowedChars('vendor/fontawesome-free/css/all.min.css\'')
 2 SYSTEMPATH\CodeIgniter.php(825): CodeIgniter\Router\Router->handle('vendor/fontawesome-free/css/all.min.css\'')
 3 SYSTEMPATH\CodeIgniter.php(450): CodeIgniter\CodeIgniter->tryToRouteIt(Object(CodeIgniter\Router\RouteCollection))
 4 SYSTEMPATH\CodeIgniter.php(361): CodeIgniter\CodeIgniter->handleRequest(null, Object(Config\Cache), false)
 5 FCPATH\index.php(79): CodeIgniter\CodeIgniter->run()
 6 SYSTEMPATH\Commands\Server\rewrite.php(47): require_once('C:\\xamppx\\htdocs\\appci4download\\public\\index.php')
INFO - 2024-05-29 12:12:34 --> Session: Class initialized using 'CodeIgniter\Session\Handlers\FileHandler' driver.
INFO - 2024-05-29 12:12:34 --> Session: Class initialized using 'CodeIgniter\Session\Handlers\FileHandler' driver.
CRITICAL - 2024-05-29 12:12:34 --> CodeIgniter\HTTP\Exceptions\BadRequestException: The URI you submitted has disallowed characters: "all.min.css'"
in SYSTEMPATH\Router\Router.php on line 704.
 1 SYSTEMPATH\Router\Router.php(195): CodeIgniter\Router\Router->checkDisallowedChars('vendor/fontawesome-free/css/all.min.css\'')
 2 SYSTEMPATH\CodeIgniter.php(825): CodeIgniter\Router\Router->handle('vendor/fontawesome-free/css/all.min.css\'')
 3 SYSTEMPATH\CodeIgniter.php(450): CodeIgniter\CodeIgniter->tryToRouteIt(Object(CodeIgniter\Router\RouteCollection))
 4 SYSTEMPATH\CodeIgniter.php(361): CodeIgniter\CodeIgniter->handleRequest(null, Object(Config\Cache), false)
 5 FCPATH\index.php(79): CodeIgniter\CodeIgniter->run()
 6 SYSTEMPATH\Commands\Server\rewrite.php(47): require_once('C:\\xamppx\\htdocs\\appci4download\\public\\index.php')
INFO - 2024-05-29 12:12:38 --> Session: Class initialized using 'CodeIgniter\Session\Handlers\FileHandler' driver.
CRITICAL - 2024-05-29 12:12:38 --> CodeIgniter\HTTP\Exceptions\BadRequestException: The URI you submitted has disallowed characters: "all.min.css'"
in SYSTEMPATH\Router\Router.php on line 704.
 1 SYSTEMPATH\Router\Router.php(195): CodeIgniter\Router\Router->checkDisallowedChars('vendor/fontawesome-free/css/all.min.css\'')
 2 SYSTEMPATH\CodeIgniter.php(825): CodeIgniter\Router\Router->handle('vendor/fontawesome-free/css/all.min.css\'')
 3 SYSTEMPATH\CodeIgniter.php(450): CodeIgniter\CodeIgniter->tryToRouteIt(Object(CodeIgniter\Router\RouteCollection))
 4 SYSTEMPATH\CodeIgniter.php(361): CodeIgniter\CodeIgniter->handleRequest(null, Object(Config\Cache), false)
 5 FCPATH\index.php(79): CodeIgniter\CodeIgniter->run()
 6 SYSTEMPATH\Commands\Server\rewrite.php(47): require_once('C:\\xamppx\\htdocs\\appci4download\\public\\index.php')
INFO - 2024-05-29 12:12:47 --> Session: Class initialized using 'CodeIgniter\Session\Handlers\FileHandler' driver.
CRITICAL - 2024-05-29 12:12:47 --> CodeIgniter\HTTP\Exceptions\BadRequestException: The URI you submitted has disallowed characters: "all.min.css'"
in SYSTEMPATH\Router\Router.php on line 704.
 1 SYSTEMPATH\Router\Router.php(195): CodeIgniter\Router\Router->checkDisallowedChars('vendor/fontawesome-free/css/all.min.css\'')
 2 SYSTEMPATH\CodeIgniter.php(825): CodeIgniter\Router\Router->handle('vendor/fontawesome-free/css/all.min.css\'')
 3 SYSTEMPATH\CodeIgniter.php(450): CodeIgniter\CodeIgniter->tryToRouteIt(Object(CodeIgniter\Router\RouteCollection))
 4 SYSTEMPATH\CodeIgniter.php(361): CodeIgniter\CodeIgniter->handleRequest(null, Object(Config\Cache), false)
 5 FCPATH\index.php(79): CodeIgniter\CodeIgniter->run()
 6 SYSTEMPATH\Commands\Server\rewrite.php(47): require_once('C:\\xamppx\\htdocs\\appci4download\\public\\index.php')
INFO - 2024-05-29 12:12:50 --> Session: Class initialized using 'CodeIgniter\Session\Handlers\FileHandler' driver.
CRITICAL - 2024-05-29 12:12:50 --> CodeIgniter\HTTP\Exceptions\BadRequestException: The URI you submitted has disallowed characters: "all.min.css'"
in SYSTEMPATH\Router\Router.php on line 704.
 1 SYSTEMPATH\Router\Router.php(195): CodeIgniter\Router\Router->checkDisallowedChars('vendor/fontawesome-free/css/all.min.css\'')
 2 SYSTEMPATH\CodeIgniter.php(825): CodeIgniter\Router\Router->handle('vendor/fontawesome-free/css/all.min.css\'')
 3 SYSTEMPATH\CodeIgniter.php(450): CodeIgniter\CodeIgniter->tryToRouteIt(Object(CodeIgniter\Router\RouteCollection))
 4 SYSTEMPATH\CodeIgniter.php(361): CodeIgniter\CodeIgniter->handleRequest(null, Object(Config\Cache), false)
 5 FCPATH\index.php(79): CodeIgniter\CodeIgniter->run()
 6 SYSTEMPATH\Commands\Server\rewrite.php(47): require_once('C:\\xamppx\\htdocs\\appci4download\\public\\index.php')
INFO - 2024-05-29 12:12:53 --> Session: Class initialized using 'CodeIgniter\Session\Handlers\FileHandler' driver.
INFO - 2024-05-29 12:12:53 --> Session: Class initialized using 'CodeIgniter\Session\Handlers\FileHandler' driver.
CRITICAL - 2024-05-29 12:12:54 --> CodeIgniter\HTTP\Exceptions\BadRequestException: The URI you submitted has disallowed characters: "all.min.css'"
in SYSTEMPATH\Router\Router.php on line 704.
 1 SYSTEMPATH\Router\Router.php(195): CodeIgniter\Router\Router->checkDisallowedChars('vendor/fontawesome-free/css/all.min.css\'')
 2 SYSTEMPATH\CodeIgniter.php(825): CodeIgniter\Router\Router->handle('vendor/fontawesome-free/css/all.min.css\'')
 3 SYSTEMPATH\CodeIgniter.php(450): CodeIgniter\CodeIgniter->tryToRouteIt(Object(CodeIgniter\Router\RouteCollection))
 4 SYSTEMPATH\CodeIgniter.php(361): CodeIgniter\CodeIgniter->handleRequest(null, Object(Config\Cache), false)
 5 FCPATH\index.php(79): CodeIgniter\CodeIgniter->run()
 6 SYSTEMPATH\Commands\Server\rewrite.php(47): require_once('C:\\xamppx\\htdocs\\appci4download\\public\\index.php')
INFO - 2024-05-29 12:12:56 --> Session: Class initialized using 'CodeIgniter\Session\Handlers\FileHandler' driver.
CRITICAL - 2024-05-29 12:12:56 --> CodeIgniter\HTTP\Exceptions\BadRequestException: The URI you submitted has disallowed characters: "all.min.css'"
in SYSTEMPATH\Router\Router.php on line 704.
 1 SYSTEMPATH\Router\Router.php(195): CodeIgniter\Router\Router->checkDisallowedChars('vendor/fontawesome-free/css/all.min.css\'')
 2 SYSTEMPATH\CodeIgniter.php(825): CodeIgniter\Router\Router->handle('vendor/fontawesome-free/css/all.min.css\'')
 3 SYSTEMPATH\CodeIgniter.php(450): CodeIgniter\CodeIgniter->tryToRouteIt(Object(CodeIgniter\Router\RouteCollection))
 4 SYSTEMPATH\CodeIgniter.php(361): CodeIgniter\CodeIgniter->handleRequest(null, Object(Config\Cache), false)
 5 FCPATH\index.php(79): CodeIgniter\CodeIgniter->run()
 6 SYSTEMPATH\Commands\Server\rewrite.php(47): require_once('C:\\xamppx\\htdocs\\appci4download\\public\\index.php')
INFO - 2024-05-29 12:13:11 --> Session: Class initialized using 'CodeIgniter\Session\Handlers\FileHandler' driver.
INFO - 2024-05-29 12:13:11 --> Session: Class initialized using 'CodeIgniter\Session\Handlers\FileHandler' driver.
CRITICAL - 2024-05-29 12:13:11 --> CodeIgniter\HTTP\Exceptions\BadRequestException: The URI you submitted has disallowed characters: "all.min.css'"
in SYSTEMPATH\Router\Router.php on line 704.
 1 SYSTEMPATH\Router\Router.php(195): CodeIgniter\Router\Router->checkDisallowedChars('vendor/fontawesome-free/css/all.min.css\'')
 2 SYSTEMPATH\CodeIgniter.php(825): CodeIgniter\Router\Router->handle('vendor/fontawesome-free/css/all.min.css\'')
 3 SYSTEMPATH\CodeIgniter.php(450): CodeIgniter\CodeIgniter->tryToRouteIt(Object(CodeIgniter\Router\RouteCollection))
 4 SYSTEMPATH\CodeIgniter.php(361): CodeIgniter\CodeIgniter->handleRequest(null, Object(Config\Cache), false)
 5 FCPATH\index.php(79): CodeIgniter\CodeIgniter->run()
 6 SYSTEMPATH\Commands\Server\rewrite.php(47): require_once('C:\\xamppx\\htdocs\\appci4download\\public\\index.php')
INFO - 2024-05-29 12:13:17 --> Session: Class initialized using 'CodeIgniter\Session\Handlers\FileHandler' driver.
CRITICAL - 2024-05-29 12:13:17 --> CodeIgniter\HTTP\Exceptions\BadRequestException: The URI you submitted has disallowed characters: "all.min.css'"
in SYSTEMPATH\Router\Router.php on line 704.
 1 SYSTEMPATH\Router\Router.php(195): CodeIgniter\Router\Router->checkDisallowedChars('vendor/fontawesome-free/css/all.min.css\'')
 2 SYSTEMPATH\CodeIgniter.php(825): CodeIgniter\Router\Router->handle('vendor/fontawesome-free/css/all.min.css\'')
 3 SYSTEMPATH\CodeIgniter.php(450): CodeIgniter\CodeIgniter->tryToRouteIt(Object(CodeIgniter\Router\RouteCollection))
 4 SYSTEMPATH\CodeIgniter.php(361): CodeIgniter\CodeIgniter->handleRequest(null, Object(Config\Cache), false)
 5 FCPATH\index.php(79): CodeIgniter\CodeIgniter->run()
 6 SYSTEMPATH\Commands\Server\rewrite.php(47): require_once('C:\\xamppx\\htdocs\\appci4download\\public\\index.php')
INFO - 2024-05-29 12:13:24 --> Session: Class initialized using 'CodeIgniter\Session\Handlers\FileHandler' driver.
INFO - 2024-05-29 12:13:24 --> Session: Class initialized using 'CodeIgniter\Session\Handlers\FileHandler' driver.
CRITICAL - 2024-05-29 12:13:24 --> CodeIgniter\HTTP\Exceptions\BadRequestException: The URI you submitted has disallowed characters: "all.min.css'"
in SYSTEMPATH\Router\Router.php on line 704.
 1 SYSTEMPATH\Router\Router.php(195): CodeIgniter\Router\Router->checkDisallowedChars('vendor/fontawesome-free/css/all.min.css\'')
 2 SYSTEMPATH\CodeIgniter.php(825): CodeIgniter\Router\Router->handle('vendor/fontawesome-free/css/all.min.css\'')
 3 SYSTEMPATH\CodeIgniter.php(450): CodeIgniter\CodeIgniter->tryToRouteIt(Object(CodeIgniter\Router\RouteCollection))
 4 SYSTEMPATH\CodeIgniter.php(361): CodeIgniter\CodeIgniter->handleRequest(null, Object(Config\Cache), false)
 5 FCPATH\index.php(79): CodeIgniter\CodeIgniter->run()
 6 SYSTEMPATH\Commands\Server\rewrite.php(47): require_once('C:\\xamppx\\htdocs\\appci4download\\public\\index.php')
